2026-06-12T15:12:27Z INF Thank you for trying Cloudflare Tunnel. Doing so, without a Cloudflare account, is a quick way to experiment and try it out. However, be aware that these account-less Tunnels have no uptime guarantee, are subject to the Cloudflare Online Services Terms of Use (https://www.cloudflare.com/website-terms/), and Cloudflare reserves the right to investigate your use of Tunnels for violations of such terms. If you intend to use Tunnels in production you should use a pre-created named tunnel by following: https://developers.cloudflare.com/cloudflare-one/connections/connect-apps
2026-06-12T15:12:27Z INF Requesting new quick Tunnel on trycloudflare.com...
2026-06-12T15:12:30Z INF +--------------------------------------------------------------------------------------------+
2026-06-12T15:12:30Z INF |  Your quick Tunnel has been created! Visit it at (it may take some time to be reachable):  |
2026-06-12T15:12:30Z INF |  https://offline-calcium-nashville-manner.trycloudflare.com                                |
2026-06-12T15:12:30Z INF +--------------------------------------------------------------------------------------------+
2026-06-12T15:12:30Z INF Cannot determine default configuration path. No file [config.yml config.yaml] in [~/.cloudflared ~/.cloudflare-warp ~/cloudflare-warp]
2026-06-12T15:12:30Z INF Version 2026.5.2 (Checksum 20b9638f685333d623798e733effbad2487093f15ba592f6c7752360ff3b7ab7)
2026-06-12T15:12:30Z INF GOOS: windows, GOVersion: go1.26.3, GoArch: amd64
2026-06-12T15:12:30Z INF Settings: map[ha-connections:1 protocol:quic url:http://localhost:8000]
2026-06-12T15:12:30Z INF cloudflared will not automatically update on Windows systems.
2026-06-12T15:12:30Z INF Generated Connector ID: 0ef93b72-c28d-4d36-977c-df56f4b0bea3
2026-06-12T15:12:30Z INF Initial protocol quic
2026-06-12T15:12:30Z INF ICMP proxy will use 192.168.0.101 as source for IPv4
2026-06-12T15:12:30Z INF ICMP proxy will use fe80::412e:f131:76d8:a5f2 in zone Wi-Fi as source for IPv6
2026-06-12T15:12:30Z INF cloudflared does not support loading the system root certificate pool on Windows. Please use --origin-ca-pool <PATH> to specify the path to the certificate pool
2026-06-12T15:12:30Z INF ICMP proxy will use 192.168.0.101 as source for IPv4
2026-06-12T15:12:30Z INF Tunnel connection curve preferences: [X25519MLKEM768 CurveID(65074) CurveP256] connIndex=0 event=0 ip=198.41.200.233
2026-06-12T15:12:30Z INF ICMP proxy will use fe80::412e:f131:76d8:a5f2 in zone Wi-Fi as source for IPv6
2026-06-12T15:12:30Z INF Starting metrics server on 127.0.0.1:20241/metrics
2026-06-12T15:12:30Z INF +-------------------------------------------------------------------------------------+
2026-06-12T15:12:30Z INF |                               CONNECTIVITY PRE-CHECKS                               |
2026-06-12T15:12:30Z INF +-------------------------------------------------------------------------------------+
2026-06-12T15:12:30Z INF |  COMPONENT         TARGET                     STATUS  DETAILS                       |
2026-06-12T15:12:30Z INF |  DNS Resolution    region1.v2.argotunnel.com  PASS    DNS Resolved successfully     |
2026-06-12T15:12:30Z INF |  DNS Resolution    region2.v2.argotunnel.com  PASS    DNS Resolved successfully     |
2026-06-12T15:12:30Z INF |  UDP Connectivity  region1.v2.argotunnel.com  PASS    QUIC connection successful    |
2026-06-12T15:12:30Z INF |  UDP Connectivity  region2.v2.argotunnel.com  PASS    QUIC connection successful    |
2026-06-12T15:12:30Z INF |  TCP Connectivity  region1.v2.argotunnel.com  PASS    HTTP/2 connection successful  |
2026-06-12T15:12:30Z INF |  TCP Connectivity  region2.v2.argotunnel.com  PASS    HTTP/2 connection successful  |
2026-06-12T15:12:30Z INF |  Cloudflare API    api.cloudflare.com:443     PASS    API is reachable              |
2026-06-12T15:12:30Z INF |                                                                                     |
2026-06-12T15:12:30Z INF |  SUMMARY: Environment is healthy. cloudflared will use 'quic' as primary protocol.  |
2026-06-12T15:12:30Z INF +-------------------------------------------------------------------------------------+
2026-06-12T15:12:30Z INF precheck component="DNS Resolution" details="DNS Resolved successfully" run_id=34f452a9-9766-43af-804f-51087aaf56a6 status=pass target=region1.v2.argotunnel.com
2026-06-12T15:12:30Z INF precheck component="DNS Resolution" details="DNS Resolved successfully" run_id=34f452a9-9766-43af-804f-51087aaf56a6 status=pass target=region2.v2.argotunnel.com
2026-06-12T15:12:30Z INF precheck component="UDP Connectivity" details="QUIC connection successful" run_id=34f452a9-9766-43af-804f-51087aaf56a6 status=pass target=region1.v2.argotunnel.com
2026-06-12T15:12:30Z INF precheck component="UDP Connectivity" details="QUIC connection successful" run_id=34f452a9-9766-43af-804f-51087aaf56a6 status=pass target=region2.v2.argotunnel.com
2026-06-12T15:12:30Z INF precheck component="TCP Connectivity" details="HTTP/2 connection successful" run_id=34f452a9-9766-43af-804f-51087aaf56a6 status=pass target=region1.v2.argotunnel.com
2026-06-12T15:12:30Z INF precheck component="TCP Connectivity" details="HTTP/2 connection successful" run_id=34f452a9-9766-43af-804f-51087aaf56a6 status=pass target=region2.v2.argotunnel.com
2026-06-12T15:12:30Z INF precheck component="Cloudflare API" details="API is reachable" run_id=34f452a9-9766-43af-804f-51087aaf56a6 status=pass target=api.cloudflare.com:443
2026-06-12T15:12:30Z INF precheck complete hard_fail=false run_id=34f452a9-9766-43af-804f-51087aaf56a6 suggested_protocol=quic
2026-06-12T15:12:31Z INF Registered tunnel connection connIndex=0 connection=23f09a95-0e03-4211-9b7e-dec4b9fc5d45 event=0 ip=198.41.200.233 location=sin15 protocol=quic
2026-06-12T15:21:13Z INF Initiating graceful shutdown due to signal terminated ...
2026-06-12T15:21:13Z ERR failed to run the datagram handler error="context canceled" connIndex=0 event=0 ip=198.41.200.233
2026-06-12T15:21:13Z ERR failed to serve tunnel connection error="accept stream listener encountered a failure while serving" connIndex=0 event=0 ip=198.41.200.233
2026-06-12T15:21:13Z ERR Serve tunnel error error="accept stream listener encountered a failure while serving" connIndex=0 event=0 ip=198.41.200.233
2026-06-12T15:21:13Z INF Retrying connection in up to 1s connIndex=0 event=0 ip=198.41.200.233
2026-06-12T15:21:13Z ERR Connection terminated connIndex=0
2026-06-12T15:21:13Z ERR no more connections active and exiting
2026-06-12T15:21:13Z INF Tunnel server stopped
2026-06-12T15:21:13Z INF Metrics server stopped
