INFO:     Started server process [16132]
INFO:     Waiting for application startup.
INFO:main:Connecting to Quotex (up to 3 attempts)...
INFO:httpx:HTTP Request: GET https://qxbroker.com/pt "HTTP/1.1 301 Moved Permanently"
INFO:httpx:HTTP Request: GET https://market-qx.trade/pt "HTTP/1.1 200 OK"
INFO:httpx:HTTP Request: GET https://qxbroker.com/pt/sign-in/modal/ "HTTP/1.1 301 Moved Permanently"
INFO:httpx:HTTP Request: GET https://market-qx.trade/pt/sign-in/modal/ "HTTP/1.1 200 OK"
INFO:httpx:HTTP Request: POST https://qxbroker.com/pt/sign-in/ "HTTP/1.1 302 Found"
INFO:httpx:HTTP Request: GET https://qxbroker.com/pt/trade "HTTP/1.1 301 Moved Permanently"
INFO:httpx:HTTP Request: GET https://market-qx.trade/pt/trade "HTTP/1.1 200 OK"
INFO:httpx:HTTP Request: GET https://qxbroker.com/api/v1/cabinets/digest "HTTP/1.1 200 OK"
INFO:quotex_client:Login SUCCESS  |  Quotex: Connected
INFO:main:Quotex connected successfully
INFO:main:Assets cache refresh loop started (every 5s)
INFO:main:Signal cache cleanup loop started (every 120s)
INFO:     Application startup complete.
ERROR:    [Errno 10048] error while attempting to bind on address ('0.0.0.0', 8000): [winerror 10048] only one usage of each socket address (protocol/network address/port) is normally permitted
INFO:     Waiting for application shutdown.
INFO:main:Shutting down
INFO:     Application shutdown complete.
